2017-11-27 19:17:43 [scrapy.utils.log] INFO: Scrapy 1.4.0 started (bot: keeperPra)
2017-11-27 19:17:43 [scrapy.utils.log] INFO: Overridden settings: {'BOT_NAME': 'keeperPra', 'LOG_FILE': 'logs\\aaa\\keeper\\92c00a62d36411e7aff96807158b033f.log', 'NEWSPIDER_MODULE': 'keeperPra.spiders', 'ROBOTSTXT_OBEY': True, 'SPIDER_MODULES': ['keeperPra.spiders']}
2017-11-27 19:17:43 [scrapy.middleware] INFO: Enabled extensions:
['scrapy.extensions.corestats.CoreStats',
 'scrapy.extensions.telnet.TelnetConsole',
 'scrapy.extensions.logstats.LogStats']
2017-11-27 19:17:43 [scrapy.middleware] INFO: Enabled downloader middlewares:
['scrapy.downloadermiddlewares.robotstxt.RobotsTxtMiddleware',
 'scrapy.downloadermiddlewares.httpauth.HttpAuthMiddleware',
 'scrapy.downloadermiddlewares.downloadtimeout.DownloadTimeoutMiddleware',
 'scrapy.downloadermiddlewares.defaultheaders.DefaultHeadersMiddleware',
 'scrapy.downloadermiddlewares.useragent.UserAgentMiddleware',
 'scrapy.downloadermiddlewares.retry.RetryMiddleware',
 'scrapy.downloadermiddlewares.redirect.MetaRefreshMiddleware',
 'scrapy.downloadermiddlewares.httpcompression.HttpCompressionMiddleware',
 'scrapy.downloadermiddlewares.redirect.RedirectMiddleware',
 'scrapy.downloadermiddlewares.cookies.CookiesMiddleware',
 'scrapy.downloadermiddlewares.httpproxy.HttpProxyMiddleware',
 'scrapy.downloadermiddlewares.stats.DownloaderStats']
2017-11-27 19:17:43 [scrapy.middleware] INFO: Enabled spider middlewares:
['scrapy.spidermiddlewares.httperror.HttpErrorMiddleware',
 'scrapy.spidermiddlewares.offsite.OffsiteMiddleware',
 'scrapy.spidermiddlewares.referer.RefererMiddleware',
 'scrapy.spidermiddlewares.urllength.UrlLengthMiddleware',
 'scrapy.spidermiddlewares.depth.DepthMiddleware']
2017-11-27 19:17:43 [scrapy.middleware] INFO: Enabled item pipelines:
[]
2017-11-27 19:17:43 [scrapy.core.engine] INFO: Spider opened
2017-11-27 19:17:43 [scrapy.extensions.logstats] INFO: Crawled 0 pages (at 0 pages/min), scraped 0 items (at 0 items/min)
2017-11-27 19:17:43 [scrapy.extensions.telnet] DEBUG: Telnet console listening on 127.0.0.1:6023
2017-11-27 19:17:43 [scrapy.core.engine] DEBUG: Crawled (403) <GET https://www.douban.com/robots.txt> (referer: None)
2017-11-27 19:17:43 [scrapy.core.engine] DEBUG: Crawled (403) <GET https://www.douban.com/doulist/36980/> (referer: None)
2017-11-27 19:17:43 [scrapy.spidermiddlewares.httperror] INFO: Ignoring response <403 https://www.douban.com/doulist/36980/>: HTTP status code is not handled or not allowed
2017-11-27 19:17:43 [scrapy.core.engine] INFO: Closing spider (finished)
2017-11-27 19:17:43 [scrapy.statscollectors] INFO: Dumping Scrapy stats:
{'downloader/request_bytes': 448,
 'downloader/request_count': 2,
 'downloader/request_method_count/GET': 2,
 'downloader/response_bytes': 496,
 'downloader/response_count': 2,
 'downloader/response_status_count/403': 2,
 'finish_reason': 'finished',
 'finish_time': datetime.datetime(2017, 11, 27, 11, 17, 43, 768117),
 'httperror/response_ignored_count': 1,
 'httperror/response_ignored_status_count/403': 1,
 'log_count/DEBUG': 3,
 'log_count/INFO': 8,
 'response_received_count': 2,
 'scheduler/dequeued': 1,
 'scheduler/dequeued/memory': 1,
 'scheduler/enqueued': 1,
 'scheduler/enqueued/memory': 1,
 'start_time': datetime.datetime(2017, 11, 27, 11, 17, 43, 469672)}
2017-11-27 19:17:43 [scrapy.core.engine] INFO: Spider closed (finished)
