2017-11-26 11:18:39 [scrapy.utils.log] INFO: Scrapy 1.4.0 started (bot: praScrapyd)
2017-11-26 11:18:39 [scrapy.utils.log] INFO: Overridden settings: {'BOT_NAME': 'praScrapyd', 'LOG_FILE': 'logs\\aaa\\xxx\\7e1a3342d25811e78e196807158b033f.log', 'NEWSPIDER_MODULE': 'praScrapyd.spiders', 'SPIDER_MODULES': ['praScrapyd.spiders']}
2017-11-26 11:18:39 [scrapy.middleware] INFO: Enabled extensions:
['scrapy.extensions.corestats.CoreStats',
 'scrapy.extensions.telnet.TelnetConsole',
 'scrapy.extensions.logstats.LogStats']
2017-11-26 11:18:39 [scrapy.middleware] INFO: Enabled downloader middlewares:
['scrapy.downloadermiddlewares.httpauth.HttpAuthMiddleware',
 'scrapy.downloadermiddlewares.downloadtimeout.DownloadTimeoutMiddleware',
 'scrapy.downloadermiddlewares.defaultheaders.DefaultHeadersMiddleware',
 'scrapy.downloadermiddlewares.useragent.UserAgentMiddleware',
 'scrapy.downloadermiddlewares.retry.RetryMiddleware',
 'scrapy.downloadermiddlewares.redirect.MetaRefreshMiddleware',
 'scrapy.downloadermiddlewares.httpcompression.HttpCompressionMiddleware',
 'scrapy.downloadermiddlewares.redirect.RedirectMiddleware',
 'scrapy.downloadermiddlewares.cookies.CookiesMiddleware',
 'scrapy.downloadermiddlewares.httpproxy.HttpProxyMiddleware',
 'scrapy.downloadermiddlewares.stats.DownloaderStats']
2017-11-26 11:18:39 [scrapy.middleware] INFO: Enabled spider middlewares:
['scrapy.spidermiddlewares.httperror.HttpErrorMiddleware',
 'scrapy.spidermiddlewares.offsite.OffsiteMiddleware',
 'scrapy.spidermiddlewares.referer.RefererMiddleware',
 'scrapy.spidermiddlewares.urllength.UrlLengthMiddleware',
 'scrapy.spidermiddlewares.depth.DepthMiddleware']
2017-11-26 11:18:39 [scrapy.middleware] INFO: Enabled item pipelines:
[]
2017-11-26 11:18:39 [scrapy.core.engine] INFO: Spider opened
2017-11-26 11:18:39 [scrapy.extensions.logstats] INFO: Crawled 0 pages (at 0 pages/min), scraped 0 items (at 0 items/min)
2017-11-26 11:18:39 [scrapy.extensions.telnet] DEBUG: Telnet console listening on 127.0.0.1:6023
2017-11-26 11:18:39 [scrapy.core.engine] DEBUG: Crawled (200) <GET http://www.baidu.com/> (referer: None)
2017-11-26 11:18:39 [scrapy.core.scraper] DEBUG: Scraped from <200 http://www.baidu.com/>
{'cityName': ['意见反馈']}
2017-11-26 11:18:39 [scrapy.core.engine] INFO: Closing spider (finished)
2017-11-26 11:18:40 [scrapy.statscollectors] INFO: Dumping Scrapy stats:
{'downloader/request_bytes': 211,
 'downloader/request_count': 1,
 'downloader/request_method_count/GET': 1,
 'downloader/response_bytes': 1476,
 'downloader/response_count': 1,
 'downloader/response_status_count/200': 1,
 'finish_reason': 'finished',
 'finish_time': datetime.datetime(2017, 11, 26, 3, 18, 40, 99),
 'item_scraped_count': 1,
 'log_count/DEBUG': 3,
 'log_count/INFO': 7,
 'response_received_count': 1,
 'scheduler/dequeued': 1,
 'scheduler/dequeued/memory': 1,
 'scheduler/enqueued': 1,
 'scheduler/enqueued/memory': 1,
 'start_time': datetime.datetime(2017, 11, 26, 3, 18, 39, 805948)}
2017-11-26 11:18:40 [scrapy.core.engine] INFO: Spider closed (finished)
